<?xml version="1.0" encoding="UTF-8"?>
<!-- Generated by org.testng.reporters.JUnitReportReporter -->
<testsuite skipped="0" hostname="user-PC" name="hari.Start" tests="1" failures="0" timestamp="10 Dec 2018 12:20:42 GMT" time="0.031" errors="0">
  <testcase name="start" time="0.031" classname="hari.Start"/>
</testsuite> <!-- hari.Start -->
